<?xml version="1.0" encoding="UTF-8"?>
<!-- Generated by org.testng.reporters.JUnitReportReporter -->
<testsuite hostname="DESKTOP-GJAVTI7" failures="0" tests="1" name="com.ecomm.qa.testcases.LoginPageTest" time="17.032" errors="0" timestamp="2023-06-14T15:28:21 IST" skipped="0">
  <testcase classname="com.ecomm.qa.testcases.LoginPageTest" name="testLogin" time="17.032"/>
  <system-out/>
</testsuite> <!-- com.ecomm.qa.testcases.LoginPageTest -->
