<?xml version="1.0" encoding="UTF-8"?>
<!-- Generated by org.testng.reporters.JUnitReportReporter -->
<testsuite hostname="DESKTOP-GJAVTI7" failures="0" tests="14" name="com.ecomm.qa.testcases.FirstFitTest" time="11.197" errors="0" timestamp="2023-06-15T17:53:38 IST" skipped="0">
  <testcase classname="com.ecomm.qa.testcases.FirstFitTest" name="dismissModal" time="0.092"/>
  <system-out/>
  <testcase classname="com.ecomm.qa.testcases.FirstFitTest" name="clickFirstFit" time="0.371"/>
  <system-out/>
  <testcase classname="com.ecomm.qa.testcases.FirstFitTest" name="FirstFitPage" time="4.334"/>
  <system-out/>
  <testcase classname="com.ecomm.qa.testcases.FirstFitTest" name="FirstFitQuestion1" time="0.178"/>
  <system-out/>
  <testcase classname="com.ecomm.qa.testcases.FirstFitTest" name="FirstFitQuestion2" time="0.091"/>
  <system-out/>
  <testcase classname="com.ecomm.qa.testcases.FirstFitTest" name="FirstFitQuestion3" time="0.100"/>
  <system-out/>
  <testcase classname="com.ecomm.qa.testcases.FirstFitTest" name="FirstFitQuestion4" time="0.142"/>
  <system-out/>
  <testcase classname="com.ecomm.qa.testcases.FirstFitTest" name="FirstFitQuestion5" time="0.176"/>
  <system-out/>
  <testcase classname="com.ecomm.qa.testcases.FirstFitTest" name="FirstFitQuestion6" time="0.140"/>
  <system-out/>
  <testcase classname="com.ecomm.qa.testcases.FirstFitTest" name="FirstFitQuestion7" time="0.147"/>
  <system-out/>
  <testcase classname="com.ecomm.qa.testcases.FirstFitTest" name="FirstFitQuestion8" time="0.167"/>
  <system-out/>
  <testcase classname="com.ecomm.qa.testcases.FirstFitTest" name="FirstFitQuestion9" time="0.162"/>
  <system-out/>
  <testcase classname="com.ecomm.qa.testcases.FirstFitTest" name="FirstFitQuestion10" time="0.175"/>
  <system-out/>
  <testcase classname="com.ecomm.qa.testcases.FirstFitTest" name="clickContinue" time="4.922"/>
  <system-out/>
</testsuite> <!-- com.ecomm.qa.testcases.FirstFitTest -->
